  ZipCodeDataFileRecord.cpp
  Utilities.cpp
c:\users\matij\desktop\hyperrelations\tpce-implementation\tpce-source-code\tpc-e-tool\inputfiles\src\utilities.cpp(46): warning C4996: 'std::basic_string<char,std::char_traits<char>,std::allocator<char>>::copy': Function call with parameters that may be unsafe - this call relies on the caller to check that the passed values are correct. To disable this warning, use -D_SCL_SECURE_NO_WARNINGS. See documentation on how to use Visual C++ 'Checked Iterators'
          c:\program files (x86)\microsoft visual studio 12.0\vc\include\xstring(1798) : see declaration of 'std::basic_string<char,std::char_traits<char>,std::allocator<char>>::copy'
  TradeTypeDataFileRecord.cpp
  TextFileSplitter.cpp
  TaxRateDivisionDataFileRecord.cpp
  TaxRateFile.cpp
  TaxRateCountryDataFileRecord.cpp
  TaxableAccountNameDataFileRecord.cpp
  StringSplitter.cpp
  StreetSuffixDataFileRecord.cpp
  StreetNameDataFileRecord.cpp
  StreamSplitter.cpp
  StatusTypeDataFileRecord.cpp
  SecurityFile.cpp
c:\users\matij\desktop\hyperrelations\tpce-implementation\tpce-source-code\tpc-e-tool\inputfiles\src\securityfile.cpp(162): warning C4996: 'strncpy': This function or variable may be unsafe. Consider using strncpy_s instead. To disable deprecation, use _CRT_SECURE_NO_WARNINGS. See online help for details.
          c:\program files (x86)\microsoft visual studio 12.0\vc\include\string.h(195) : see declaration of 'strncpy'
  SecurityDataFileRecord.cpp
  SectorDataFileRecord.cpp
  NonTaxableAccountNameDataFileRecord.cpp
  NewsDataFileRecord.cpp
  MaleFirstNameDataFileRecord.cpp
  LastNameDataFileRecord.cpp
  Generating Code...
c:\users\matij\desktop\hyperrelations\tpce-implementation\tpce-source-code\tpc-e-tool\inputfiles\src\securityfile.cpp(312): warning C4701: potentially uninitialized local variable 'eExchangeIndex' used
  Compiling...
  IndustryDataFileRecord.cpp
  FemaleFirstNameDataFileRecord.cpp
  ExchangeDataFileRecord.cpp
  DataFileManager.cpp
  CompanySPRateDataFileRecord.cpp
  CompanyFile.cpp
c:\users\matij\desktop\hyperrelations\tpce-implementation\tpce-source-code\tpc-e-tool\inputfiles\src\companyfile.cpp(115): warning C4996: '_snprintf': This function or variable may be unsafe. Consider using _snprintf_s instead. To disable deprecation, use _CRT_SECURE_NO_WARNINGS. See online help for details.
          c:\program files (x86)\microsoft visual studio 12.0\vc\include\stdio.h(346) : see declaration of '_snprintf'
c:\users\matij\desktop\hyperrelations\tpce-implementation\tpce-source-code\tpc-e-tool\inputfiles\src\companyfile.cpp(119): warning C4996: 'strncpy': This function or variable may be unsafe. Consider using strncpy_s instead. To disable deprecation, use _CRT_SECURE_NO_WARNINGS. See online help for details.
          c:\program files (x86)\microsoft visual studio 12.0\vc\include\string.h(195) : see declaration of 'strncpy'
  CompanyDataFileRecord.cpp
  CompanyCompetitorFile.cpp
  CompanyCompetitorDataFileRecord.cpp
  CommissionRateDataFileRecord.cpp
  ChargeDataFileRecord.cpp
  AreaCodeDataFileRecord.cpp
  Generating Code...
  EGenInputFiles.vcxproj -> C:\Users\matij\Desktop\HyperRelations\tpcE-Implementation\tpcE-source-code\tpc-e-tool\InputFiles\prj\VS2010\..\..\lib\Debug_Win32\EGenInputFiles.lib
