Build started 4/2/2022 12:39:58 PM.
     1>Project "C:\Users\Matija\Desktop\Denormalized-Databases\tpcE-source-code\tpc-e-tool\prj\VS2010\EGenDriverMEELib.vcxproj" on node 2 (Build target(s)).
     1>C:\Program Files (x86)\MSBuild\Microsoft.Cpp\v4.0\V120\Microsoft.CppBuild.targets(388,5): warning MSB8028: The intermediate directory (..\..\obj\Debug_Win32\) contains files shared from another project (EGenBaseLoader.vcxproj, EGenDriverCELib.vcxproj, EGenDriverDMLib.vcxproj, EGenFlatFileLoader.vcxproj, EGenGenerateAndLoad.vcxproj, EGenLoader.vcxproj, EGenLogger.vcxproj, EGenMSSQLLoader.vcxproj, EGenNullLoader.vcxproj, EGenTables.vcxproj, EGenTxnHarness.vcxproj, EGenValidate.vcxproj).  This can lead to incorrect clean and rebuild behavior.
     1>ClCompile:
         C:\Program Files (x86)\Microsoft Visual Studio 12.0\VC\bin\CL.exe /c /ZI /nologo /W3 /WX- /Od /Oy- /D WIN32 /D _DEBUG /D _LIB /D COMPILE_ODBC_LOAD /D COMPILE_FLAT_FILE_LOAD /D MSSQL /D _CRT_SECURE_NO_DEPRECATE /D _BIND_TO_CURRENT_VCLIBS_VERSION /D _VC80_UPGRADE=0x0710 /D _MBCS /Gm /EHsc /RTC1 /MDd /GS /fp:precise /Zc:wchar_t /Zc:forScope /Fo"..\..\obj\Debug_Win32\\" /Fd"..\..\lib\Debug_Win32\EGenDriverMEELib.pdb" /Gd /TP /analyze- /errorReport:prompt ..\..\src\MEE.cpp ..\..\src\MEEPriceBoard.cpp ..\..\src\MEETickerTape.cpp ..\..\src\MEETradingFloor.cpp ..\..\src\WheelTime.cpp
         MEE.cpp
         Generating Code...
         Compiling...
         WheelTime.cpp
         MEETradingFloor.cpp
         MEETickerTape.cpp
         MEEPriceBoard.cpp
         Generating Code...
       Lib:
         C:\Program Files (x86)\Microsoft Visual Studio 12.0\VC\bin\Lib.exe /OUT:"..\..\lib\Debug_Win32\EGenDriverMEELib.lib" /NOLOGO ..\..\obj\Debug_Win32\MEE.obj
         ..\..\obj\Debug_Win32\MEEPriceBoard.obj
         ..\..\obj\Debug_Win32\MEETickerTape.obj
         ..\..\obj\Debug_Win32\MEETradingFloor.obj
         ..\..\obj\Debug_Win32\WheelTime.obj
         EGenDriverMEELib.vcxproj -> C:\Users\Matija\Desktop\Denormalized-Databases\tpcE-source-code\tpc-e-tool\prj\VS2010\..\..\lib\Debug_Win32\EGenDriverMEELib.lib
     1>Done Building Project "C:\Users\Matija\Desktop\Denormalized-Databases\tpcE-source-code\tpc-e-tool\prj\VS2010\EGenDriverMEELib.vcxproj" (Build target(s)).

Build succeeded.

Time Elapsed 00:00:23.83
